<?xml version="1.0" encoding="UTF-8"?>
<!-- Generated by org.testng.reporters.JUnitReportReporter -->
<testsuite hostname="DESKTOP-SEKDPB4" failures="0" tests="3" name="test.VerifySignInPage" time="26.252" errors="0" timestamp="2024-10-11T02:49:31 IST" skipped="0">
  <testcase classname="test.VerifySignInPage" name="verifyWrongUserID" time="3.600"/>
  <testcase classname="test.VerifySignInPage" name="verifySuccessfullLogin" time="15.640"/>
  <testcase classname="test.VerifySignInPage" name="verifyWrongPasswordErrorMessage" time="7.012"/>
</testsuite> <!-- test.VerifySignInPage -->
