<?xml version="1.0" encoding="UTF-8"?>
<!-- Generated by org.testng.reporters.JUnitReportReporter -->
<testsuite hostname="DESKTOP-SEKDPB4" failures="0" tests="3" name="test.ValidateCartAndBuy" time="138.887" errors="0" timestamp="2024-10-11T02:49:31 IST" skipped="0">
  <testcase classname="test.ValidateCartAndBuy" name="verifyAddToCardWithMultipleQuantity" time="38.500"/>
  <testcase classname="test.ValidateCartAndBuy" name="verifyAddToCard" time="79.932"/>
  <testcase classname="test.ValidateCartAndBuy" name="verifyAddToWishList" time="20.455"/>
</testsuite> <!-- test.ValidateCartAndBuy -->
